<?xml version="1.0" encoding="UTF-8" ?>
<testsuite failures="0" time="0" errors="1" skipped="0" tests="1" name="demon.springframework.web.test.SimpleUrlHandlerMappingTest">
  <properties>
    <property name="java.runtime.name" value="Java(TM) SE Runtime Environment"/>
    <property name="sun.boot.library.path" value="D:\software\jdk1.7.0_75\jre\bin"/>
    <property name="java.vm.version" value="24.75-b04"/>
    <property name="java.vm.vendor" value="Oracle Corporation"/>
    <property name="java.vendor.url" value="http://java.oracle.com/"/>
    <property name="path.separator" value=";"/>
    <property name="guice.disable.misplaced.annotation.check" value="true"/>
    <property name="java.vm.name" value="Java HotSpot(TM) 64-Bit Server VM"/>
    <property name="file.encoding.pkg" value="sun.io"/>
    <property name="user.script" value=""/>
    <property name="user.country" value="CN"/>
    <property name="sun.java.launcher" value="SUN_STANDARD"/>
    <property name="sun.os.patch.level" value="Service Pack 1"/>
    <property name="java.vm.specification.name" value="Java Virtual Machine Specification"/>
    <property name="user.dir" value="D:\dev\studySpace\tiny-spring-webmvc"/>
    <property name="java.runtime.version" value="1.7.0_75-b13"/>
    <property name="java.awt.graphicsenv" value="sun.awt.Win32GraphicsEnvironment"/>
    <property name="java.endorsed.dirs" value="D:\software\jdk1.7.0_75\jre\lib\endorsed"/>
    <property name="os.arch" value="amd64"/>
    <property name="java.io.tmpdir" value="D:\Users\demon.song\AppData\Local\Temp\"/>
    <property name="line.separator" value="
"/>
    <property name="java.vm.specification.vendor" value="Oracle Corporation"/>
    <property name="user.variant" value=""/>
    <property name="os.name" value="Windows 7"/>
    <property name="classworlds.conf" value="D:\dev\studySpace\.metadata\.plugins\org.eclipse.m2e.launching\launches\m2conf1655015561653020996.tmp"/>
    <property name="sun.jnu.encoding" value="GBK"/>
    <property name="java.library.path" value="D:\software\jdk1.7.0_75\bin;C:\Windows\Sun\Java\bin;C:\Windows\system32;C:\Windows;D:/software/jdk1.7.0_75/bin/../jre/bin/server;D:/software/jdk1.7.0_75/bin/../jre/bin;D:/software/jdk1.7.0_75/bin/../jre/lib/amd64;C:\Windows\system32;C:\Windows;C:\Windows\System32\Wbem;C:\Windows\System32\WindowsPowerShell\v1.0\;D:\software\jdk1.7.0_75\bin;D:\software\jdk1.7.0_75\jre\bin;D:\software\gradle-2.4\bin;D:\svr\eclipse;;."/>
    <property name="java.specification.name" value="Java Platform API Specification"/>
    <property name="java.class.version" value="51.0"/>
    <property name="sun.management.compiler" value="HotSpot 64-Bit Tiered Compilers"/>
    <property name="os.version" value="6.1"/>
    <property name="user.home" value="D:\Users\demon.song"/>
    <property name="user.timezone" value="Asia/Shanghai"/>
    <property name="java.awt.printerjob" value="sun.awt.windows.WPrinterJob"/>
    <property name="java.specification.version" value="1.7"/>
    <property name="file.encoding" value="UTF-8"/>
    <property name="user.name" value="demon.song"/>
    <property name="java.class.path" value="/D:/svr/eclipse/plugins/org.eclipse.m2e.maven.runtime_1.5.1.20150109-1819/jars/plexus-classworlds-2.5.1.jar"/>
    <property name="org.slf4j.simpleLogger.defaultLogLevel" value="info"/>
    <property name="java.vm.specification.version" value="1.7"/>
    <property name="sun.arch.data.model" value="64"/>
    <property name="java.home" value="D:\software\jdk1.7.0_75\jre"/>
    <property name="sun.java.command" value="org.codehaus.plexus.classworlds.launcher.Launcher -B install"/>
    <property name="java.specification.vendor" value="Oracle Corporation"/>
    <property name="user.language" value="zh"/>
    <property name="awt.toolkit" value="sun.awt.windows.WToolkit"/>
    <property name="java.vm.info" value="mixed mode"/>
    <property name="java.version" value="1.7.0_75"/>
    <property name="java.ext.dirs" value="D:\software\jdk1.7.0_75\jre\lib\ext;C:\Windows\Sun\Java\lib\ext"/>
    <property name="sun.boot.class.path" value="D:\software\jdk1.7.0_75\jre\lib\resources.jar;D:\software\jdk1.7.0_75\jre\lib\rt.jar;D:\software\jdk1.7.0_75\jre\lib\sunrsasign.jar;D:\software\jdk1.7.0_75\jre\lib\jsse.jar;D:\software\jdk1.7.0_75\jre\lib\jce.jar;D:\software\jdk1.7.0_75\jre\lib\charsets.jar;D:\software\jdk1.7.0_75\jre\lib\jfr.jar;D:\software\jdk1.7.0_75\jre\classes"/>
    <property name="java.vendor" value="Oracle Corporation"/>
    <property name="maven.home" value="D:\dev\studySpace\tiny-spring-webmvc\EMBEDDED"/>
    <property name="file.separator" value="\"/>
    <property name="java.vendor.url.bug" value="http://bugreport.sun.com/bugreport/"/>
    <property name="sun.cpu.endian" value="little"/>
    <property name="sun.io.unicode.encoding" value="UnicodeLittle"/>
    <property name="sun.desktop" value="windows"/>
    <property name="sun.cpu.isalist" value="amd64"/>
  </properties>
  <testcase time="0" classname="demon.springframework.web.test.SimpleUrlHandlerMappingTest" name="test">
    <error message="No bean named urlMapping is defined" type="java.lang.IllegalArgumentException">java.lang.IllegalArgumentException: No bean named urlMapping is defined
	at demon.springframework.beans.factory.AbstractBeanFactory.getBean(AbstractBeanFactory.java:33)
	at demon.springframework.context.support.AbstractApplicationContext.getBean(AbstractApplicationContext.java:57)
	at demon.springframework.web.test.SimpleUrlHandlerMappingTest.test(SimpleUrlHandlerMappingTest.java:21)
	at sun.reflect.NativeMethodAccessorImpl.invoke0(Native Method)
	at sun.reflect.NativeMethodAccessorImpl.invoke(NativeMethodAccessorImpl.java:57)
	at sun.reflect.DelegatingMethodAccessorImpl.invoke(DelegatingMethodAccessorImpl.java:43)
	at java.lang.reflect.Method.invoke(Method.java:606)
	at org.junit.runners.model.FrameworkMethod$1.runReflectiveCall(FrameworkMethod.java:44)
	at org.junit.internal.runners.model.ReflectiveCallable.run(ReflectiveCallable.java:15)
	at org.junit.runners.model.FrameworkMethod.invokeExplosively(FrameworkMethod.java:41)
	at org.junit.internal.runners.statements.InvokeMethod.evaluate(InvokeMethod.java:20)
	at org.junit.runners.BlockJUnit4ClassRunner.runChild(BlockJUnit4ClassRunner.java:76)
	at org.junit.runners.BlockJUnit4ClassRunner.runChild(BlockJUnit4ClassRunner.java:50)
	at org.junit.runners.ParentRunner$3.run(ParentRunner.java:193)
	at org.junit.runners.ParentRunner$1.schedule(ParentRunner.java:52)
	at org.junit.runners.ParentRunner.runChildren(ParentRunner.java:191)
	at org.junit.runners.ParentRunner.access$000(ParentRunner.java:42)
	at org.junit.runners.ParentRunner$2.evaluate(ParentRunner.java:184)
	at org.junit.runners.ParentRunner.run(ParentRunner.java:236)
	at org.apache.maven.surefire.junit4.JUnit4Provider.execute(JUnit4Provider.java:252)
	at org.apache.maven.surefire.junit4.JUnit4Provider.executeTestSet(JUnit4Provider.java:141)
	at org.apache.maven.surefire.junit4.JUnit4Provider.invoke(JUnit4Provider.java:112)
	at sun.reflect.NativeMethodAccessorImpl.invoke0(Native Method)
	at sun.reflect.NativeMethodAccessorImpl.invoke(NativeMethodAccessorImpl.java:57)
	at sun.reflect.DelegatingMethodAccessorImpl.invoke(DelegatingMethodAccessorImpl.java:43)
	at java.lang.reflect.Method.invoke(Method.java:606)
	at org.apache.maven.surefire.util.ReflectionUtils.invokeMethodWithArray(ReflectionUtils.java:189)
	at org.apache.maven.surefire.booter.ProviderFactory$ProviderProxy.invoke(ProviderFactory.java:165)
	at org.apache.maven.surefire.booter.ProviderFactory.invokeProvider(ProviderFactory.java:85)
	at org.apache.maven.surefire.booter.ForkedBooter.runSuitesInProcess(ForkedBooter.java:115)
	at org.apache.maven.surefire.booter.ForkedBooter.main(ForkedBooter.java:75)
</error>
    <system-out>[Ljava.lang.Class;@5a3884c0
D:\dev\studySpace\tiny-spring-webmvc\target\test-classes;D:\dev\studySpace\tiny-spring-webmvc\target\classes;D:\Users\demon.song\.m2\repository\org\glassfish\javax.servlet\3.1.1\javax.servlet-3.1.1.jar;D:\Users\demon.song\.m2\repository\aopalliance\aopalliance\1.0\aopalliance-1.0.jar;D:\Users\demon.song\.m2\repository\org\aspectj\aspectjweaver\1.6.11\aspectjweaver-1.6.11.jar;D:\Users\demon.song\.m2\repository\cglib\cglib-nodep\2.1_3\cglib-nodep-2.1_3.jar;D:\Users\demon.song\.m2\repository\org\springframework\spring-core\3.0.7.RELEASE\spring-core-3.0.7.RELEASE.jar;D:\Users\demon.song\.m2\repository\org\springframework\spring-asm\3.0.7.RELEASE\spring-asm-3.0.7.RELEASE.jar;D:\Users\demon.song\.m2\repository\commons-logging\commons-logging\1.1.1\commons-logging-1.1.1.jar;D:\Users\demon.song\.m2\repository\org\springframework\spring-web\3.0.7.RELEASE\spring-web-3.0.7.RELEASE.jar;D:\Users\demon.song\.m2\repository\org\springframework\spring-beans\3.0.7.RELEASE\spring-beans-3.0.7.RELEASE.jar;D:\Users\demon.song\.m2\repository\org\springframework\spring-context\3.0.7.RELEASE\spring-context-3.0.7.RELEASE.jar;D:\Users\demon.song\.m2\repository\org\springframework\spring-aop\3.0.7.RELEASE\spring-aop-3.0.7.RELEASE.jar;D:\Users\demon.song\.m2\repository\org\springframework\spring-webmvc\3.0.7.RELEASE\spring-webmvc-3.0.7.RELEASE.jar;D:\Users\demon.song\.m2\repository\org\springframework\spring-context-support\3.0.7.RELEASE\spring-context-support-3.0.7.RELEASE.jar;D:\Users\demon.song\.m2\repository\org\springframework\spring-expression\3.0.7.RELEASE\spring-expression-3.0.7.RELEASE.jar;D:\Users\demon.song\.m2\repository\org\codehaus\jackson\jackson-mapper-asl\1.7.1\jackson-mapper-asl-1.7.1.jar;D:\Users\demon.song\.m2\repository\org\codehaus\jackson\jackson-core-asl\1.7.1\jackson-core-asl-1.7.1.jar;D:\Users\demon.song\.m2\repository\junit\junit\4.7\junit-4.7.jar;
����˵,����һ������,�����������������,����ʹ����applicationContextAware�ӿڵ�bean���ᣬ�ص�setApplicationcontext�ķ���
����˵,����һ������,�����������������,����ʹ����applicationContextAware�ӿڵ�bean���ᣬ�ص�setApplicationcontext�ķ���
����˵,����һ������,�����������������,����ʹ����applicationContextAware�ӿڵ�bean���ᣬ�ص�setApplicationcontext�ķ���
����˵,����һ������,�����������������,����ʹ����applicationContextAware�ӿڵ�bean���ᣬ�ص�setApplicationcontext�ķ���
����˵,����һ������,�����������������,����ʹ����applicationContextAware�ӿڵ�bean���ᣬ�ص�setApplicationcontext�ķ���
����˵,����һ������,�����������������,����ʹ����applicationContextAware�ӿڵ�bean���ᣬ�ص�setApplicationcontext�ķ���
</system-out>
  </testcase>
</testsuite>